<?xml version="1.0" encoding="UTF-8"?>
<!-- Generated by org.testng.reporters.JUnitXMLReporter -->
<testsuite hostname="Rajesh-PC" ignored="0" name="Command line test" tests="1" failures="1" timestamp="02 Sep 2017 12:34:56 GMT" time="168.385" errors="0">
  <testcase name="createPackageWorkFlowTests" time="168.357" classname="com.fiverr.simple_rest_project.tests.ApiTests">
    <failure type="java.lang.AssertionError" message="Something went wrong with the request expected [200] but found [401]">
      <![CDATA[java.lang.AssertionError: Something went wrong with the request expected [200] but found [401]
	at com.fiverr.simple_rest_project.tests.ApiTests.createPackageWorkFlowTests(ApiTests.java:37)
... Removed 39 stack frames]]>
    </failure>
  </testcase> <!-- createPackageWorkFlowTests -->
</testsuite> <!-- Command line test -->
