<?xml version="1.0" encoding="UTF-8" ?>
<testsuite tests="1" failures="1" name="com.fiverr.simple_rest_project.tests.ApiTests" time="168.95" errors="0" skipped="0">
  <properties>
[...]
</properties>
  <testcase classname="com.fiverr.simple_rest_project.tests.ApiTests" name="createPackageWorkFlowTests" time="168.365">
    <failure message="Something went wrong with the request expected [200] but found [401]" type="java.lang.AssertionError">java.lang.AssertionError: Something went wrong with the request expected [200] but found [401]
	at org.testng.Assert.fail(Assert.java:93)
	at org.testng.Assert.failNotEquals(Assert.java:512)
	at org.testng.Assert.assertEqualsImpl(Assert.java:134)
	at org.testng.Assert.assertEquals(Assert.java:115)
	at org.testng.Assert.assertEquals(Assert.java:388)
	at com.fiverr.simple_rest_project.tests.ApiTests.createPackageWorkFlowTests(ApiTests.java:37)
</failure>
  </testcase>
</testsuite>